<?xml version="1.0" encoding="UTF-8"?>
<testsuite xmlns:xsi="http://www.w3.org/2001/XMLSchema-instance" xsi:noNamespaceSchemaLocation="https://maven.apache.org/surefire/maven-surefire-plugin/xsd/surefire-test-report.xsd" name="sudoku.GrilleImplTest" time="0.238" tests="6" errors="5" skipped="0" failures="1">
  <properties>
    <property name="sun.desktop" value="windows"/>
    <property name="awt.toolkit" value="sun.awt.windows.WToolkit"/>
    <property name="file.encoding.pkg" value="sun.io"/>
    <property name="java.specification.version" value="1.8"/>
    <property name="sun.cpu.isalist" value="amd64"/>
    <property name="sun.jnu.encoding" value="Cp1252"/>
    <property name="java.class.path" value="C:\Users\Séverin LAWSON\Documents\Miage\sudoku\target\test-classes;C:\Users\Séverin LAWSON\Documents\Miage\sudoku\target\generated-classes\cobertura;C:\Users\Séverin LAWSON\.m2\repository\junit\junit\4.11\junit-4.11.jar;C:\Users\Séverin LAWSON\.m2\repository\org\hamcrest\hamcrest-core\1.3\hamcrest-core-1.3.jar;C:\Users\Séverin LAWSON\.m2\repository\net\sourceforge\cobertura\cobertura\2.1.1\cobertura-2.1.1.jar;C:\Users\Séverin LAWSON\.m2\repository\jaxen\jaxen\1.1.4\jaxen-1.1.4.jar;C:\Users\Séverin LAWSON\.m2\repository\org\apache\ant\ant\1.8.3\ant-1.8.3.jar;C:\Users\Séverin LAWSON\.m2\repository\org\apache\ant\ant-launcher\1.8.3\ant-launcher-1.8.3.jar;C:\Users\Séverin LAWSON\.m2\repository\org\apache\ant\ant-junit\1.8.3\ant-junit-1.8.3.jar;C:\Users\Séverin LAWSON\.m2\repository\org\mortbay\jetty\servlet-api-2.5\6.1.14\servlet-api-2.5-6.1.14.jar;C:\Users\Séverin LAWSON\.m2\repository\org\mortbay\jetty\jetty\6.1.14\jetty-6.1.14.jar;C:\Users\Séverin LAWSON\.m2\repository\org\mortbay\jetty\jetty-util\6.1.14\jetty-util-6.1.14.jar;C:\Program Files\Java\jdk1.8.0_191\jre\..\lib\tools.jar;C:\Users\Séverin LAWSON\.m2\repository\org\slf4j\slf4j-api\1.7.5\slf4j-api-1.7.5.jar;C:\Users\Séverin LAWSON\.m2\repository\ch\qos\logback\logback-classic\1.0.13\logback-classic-1.0.13.jar;C:\Users\Séverin LAWSON\.m2\repository\ch\qos\logback\logback-core\1.0.13\logback-core-1.0.13.jar;C:\Users\Séverin LAWSON\.m2\repository\org\apache\commons\commons-lang3\3.3.2\commons-lang3-3.3.2.jar;"/>
    <property name="java.vm.vendor" value="Oracle Corporation"/>
    <property name="sun.arch.data.model" value="64"/>
    <property name="user.variant" value=""/>
    <property name="java.vendor.url" value="http://java.oracle.com/"/>
    <property name="user.timezone" value=""/>
    <property name="user.country.format" value="TG"/>
    <property name="java.vm.specification.version" value="1.8"/>
    <property name="os.name" value="Windows 10"/>
    <property name="user.country" value="FR"/>
    <property name="sun.java.launcher" value="SUN_STANDARD"/>
    <property name="sun.boot.library.path" value="C:\Program Files\Java\jdk1.8.0_191\jre\bin"/>
    <property name="sun.java.command" value="C:\Users\SVERIN~1\AppData\Local\Temp\surefire8197037838044288548\surefirebooter4195253556957035925.jar C:\Users\Séverin LAWSON\AppData\Local\Temp\surefire8197037838044288548 2018-12-04T17-02-58_944-jvmRun1 surefire6393778200232348579tmp surefire_03845814336236429161tmp"/>
    <property name="surefire.test.class.path" value="C:\Users\Séverin LAWSON\Documents\Miage\sudoku\target\test-classes;C:\Users\Séverin LAWSON\Documents\Miage\sudoku\target\generated-classes\cobertura;C:\Users\Séverin LAWSON\.m2\repository\junit\junit\4.11\junit-4.11.jar;C:\Users\Séverin LAWSON\.m2\repository\org\hamcrest\hamcrest-core\1.3\hamcrest-core-1.3.jar;C:\Users\Séverin LAWSON\.m2\repository\net\sourceforge\cobertura\cobertura\2.1.1\cobertura-2.1.1.jar;C:\Users\Séverin LAWSON\.m2\repository\jaxen\jaxen\1.1.4\jaxen-1.1.4.jar;C:\Users\Séverin LAWSON\.m2\repository\org\apache\ant\ant\1.8.3\ant-1.8.3.jar;C:\Users\Séverin LAWSON\.m2\repository\org\apache\ant\ant-launcher\1.8.3\ant-launcher-1.8.3.jar;C:\Users\Séverin LAWSON\.m2\repository\org\apache\ant\ant-junit\1.8.3\ant-junit-1.8.3.jar;C:\Users\Séverin LAWSON\.m2\repository\org\mortbay\jetty\servlet-api-2.5\6.1.14\servlet-api-2.5-6.1.14.jar;C:\Users\Séverin LAWSON\.m2\repository\org\mortbay\jetty\jetty\6.1.14\jetty-6.1.14.jar;C:\Users\Séverin LAWSON\.m2\repository\org\mortbay\jetty\jetty-util\6.1.14\jetty-util-6.1.14.jar;C:\Program Files\Java\jdk1.8.0_191\jre\..\lib\tools.jar;C:\Users\Séverin LAWSON\.m2\repository\org\slf4j\slf4j-api\1.7.5\slf4j-api-1.7.5.jar;C:\Users\Séverin LAWSON\.m2\repository\ch\qos\logback\logback-classic\1.0.13\logback-classic-1.0.13.jar;C:\Users\Séverin LAWSON\.m2\repository\ch\qos\logback\logback-core\1.0.13\logback-core-1.0.13.jar;C:\Users\Séverin LAWSON\.m2\repository\org\apache\commons\commons-lang3\3.3.2\commons-lang3-3.3.2.jar;"/>
    <property name="sun.cpu.endian" value="little"/>
    <property name="user.home" value="C:\Users\Séverin LAWSON"/>
    <property name="user.language" value="fr"/>
    <property name="java.specification.vendor" value="Oracle Corporation"/>
    <property name="java.home" value="C:\Program Files\Java\jdk1.8.0_191\jre"/>
    <property name="basedir" value="C:\Users\Séverin LAWSON\Documents\Miage\sudoku"/>
    <property name="file.separator" value="\"/>
    <property name="line.separator" value="&#10;"/>
    <property name="java.vm.specification.vendor" value="Oracle Corporation"/>
    <property name="java.specification.name" value="Java Platform API Specification"/>
    <property name="java.awt.graphicsenv" value="sun.awt.Win32GraphicsEnvironment"/>
    <property name="surefire.real.class.path" value="C:\Users\SVERIN~1\AppData\Local\Temp\surefire8197037838044288548\surefirebooter4195253556957035925.jar"/>
    <property name="sun.boot.class.path" value="C:\Program Files\Java\jdk1.8.0_191\jre\lib\resources.jar;C:\Program Files\Java\jdk1.8.0_191\jre\lib\rt.jar;C:\Program Files\Java\jdk1.8.0_191\jre\lib\sunrsasign.jar;C:\Program Files\Java\jdk1.8.0_191\jre\lib\jsse.jar;C:\Program Files\Java\jdk1.8.0_191\jre\lib\jce.jar;C:\Program Files\Java\jdk1.8.0_191\jre\lib\charsets.jar;C:\Program Files\Java\jdk1.8.0_191\jre\lib\jfr.jar;C:\Program Files\Java\jdk1.8.0_191\jre\classes"/>
    <property name="user.script" value=""/>
    <property name="sun.management.compiler" value="HotSpot 64-Bit Tiered Compilers"/>
    <property name="java.runtime.version" value="1.8.0_191-b12"/>
    <property name="user.name" value="Séverin LAWSON"/>
    <property name="path.separator" value=";"/>
    <property name="os.version" value="10.0"/>
    <property name="java.endorsed.dirs" value="C:\Program Files\Java\jdk1.8.0_191\jre\lib\endorsed"/>
    <property name="java.runtime.name" value="Java(TM) SE Runtime Environment"/>
    <property name="file.encoding" value="Cp1252"/>
    <property name="java.vm.name" value="Java HotSpot(TM) 64-Bit Server VM"/>
    <property name="localRepository" value="C:\Users\Séverin LAWSON\.m2\repository"/>
    <property name="java.vendor.url.bug" value="http://bugreport.sun.com/bugreport/"/>
    <property name="java.io.tmpdir" value="C:\Users\SVERIN~1\AppData\Local\Temp\"/>
    <property name="java.version" value="1.8.0_191"/>
    <property name="user.dir" value="C:\Users\Séverin LAWSON\Documents\Miage\sudoku"/>
    <property name="os.arch" value="amd64"/>
    <property name="java.vm.specification.name" value="Java Virtual Machine Specification"/>
    <property name="java.awt.printerjob" value="sun.awt.windows.WPrinterJob"/>
    <property name="sun.os.patch.level" value=""/>
    <property name="java.library.path" value="C:\Program Files\Java\jdk1.8.0_191\jre\bin;C:\WINDOWS\Sun\Java\bin;C:\WINDOWS\system32;C:\WINDOWS;C:\Program Files (x86)\Common Files\Oracle\Java\javapath;C:\WINDOWS\system32;C:\WINDOWS;C:\WINDOWS\System32\Wbem;C:\WINDOWS\System32\WindowsPowerShell\v1.0\;C:\WINDOWS\System32\OpenSSH\;C:\Program Files\Java\jdk1.8.0_191\bin;C:\Program Files\Apache Software Foundation\apache-maven\apache-maven-3.6.0\bin;C:\Users\Séverin LAWSON\AppData\Local\Microsoft\WindowsApps;;."/>
    <property name="java.vm.info" value="mixed mode"/>
    <property name="java.vendor" value="Oracle Corporation"/>
    <property name="java.vm.version" value="25.191-b12"/>
    <property name="java.ext.dirs" value="C:\Program Files\Java\jdk1.8.0_191\jre\lib\ext;C:\WINDOWS\Sun\Java\lib\ext"/>
    <property name="sun.io.unicode.encoding" value="UnicodeLittle"/>
    <property name="java.class.version" value="52.0"/>
  </properties>
  <testcase name="testGetValue" classname="sudoku.GrilleImplTest" time="0.006">
    <error type="java.lang.NullPointerException">java.lang.NullPointerException
	at sudoku.GrilleImplTest.testGetValue(GrilleImplTest.java:77)
</error>
    <system-out><![CDATA[getValue
]]></system-out>
  </testcase>
  <testcase name="testMain" classname="sudoku.GrilleImplTest" time="0.19">
    <failure message="The test case is a prototype." type="java.lang.AssertionError">java.lang.AssertionError: The test case is a prototype.
	at sudoku.GrilleImplTest.testMain(GrilleImplTest.java:35)
</failure>
    <system-out><![CDATA[main
true
]]></system-out>
  </testcase>
  <testcase name="testGetDimension" classname="sudoku.GrilleImplTest" time="0">
    <error type="java.lang.NullPointerException">java.lang.NullPointerException
	at sudoku.GrilleImplTest.testGetDimension(GrilleImplTest.java:46)
</error>
    <system-out><![CDATA[getDimension
]]></system-out>
  </testcase>
  <testcase name="testComplete" classname="sudoku.GrilleImplTest" time="0.001">
    <error type="java.lang.NullPointerException">java.lang.NullPointerException
	at sudoku.GrilleImplTest.testComplete(GrilleImplTest.java:91)
</error>
    <system-out><![CDATA[complete
]]></system-out>
  </testcase>
  <testcase name="testPossible" classname="sudoku.GrilleImplTest" time="0.001">
    <error type="java.lang.NullPointerException">java.lang.NullPointerException
	at sudoku.GrilleImplTest.testPossible(GrilleImplTest.java:109)
</error>
    <system-out><![CDATA[possible
]]></system-out>
  </testcase>
  <testcase name="testSetValue" classname="sudoku.GrilleImplTest" time="0">
    <error type="java.lang.NullPointerException">java.lang.NullPointerException
	at sudoku.GrilleImplTest.testSetValue(GrilleImplTest.java:62)
</error>
    <system-out><![CDATA[setValue
]]></system-out>
  </testcase>
</testsuite>